2018-08-03 11:00:00.563 [restartedMain] INFO  com.oo.interceptor.InterceptorApplication - Starting InterceptorApplication on ZHAOYUANYUAN-DS with PID 10224 (D:\java\IntellWS\springboot-interceptor\target\classes started by zhaoyuanyuan-ds in D:\java\IntellWS\springboot-interceptor)
2018-08-03 11:00:00.563 [restartedMain] INFO  com.oo.interceptor.InterceptorApplication - No active profile set, falling back to default profiles: default
2018-08-03 11:00:00.566 [restartedMain] INFO  o.s.b.w.s.c.AnnotationConfigServletWebServerApplicationContext - Refreshing org.springframework.boot.web.servlet.context.AnnotationConfigServletWebServerApplicationContext@67db9a01: startup date [Fri Aug 03 11:00:00 CST 2018]; root of context hierarchy
2018-08-03 11:00:01.054 [restartedMain] INFO  o.s.c.s.PostProcessorRegistrationDelegate$BeanPostProcessorChecker - Bean 'org.springframework.transaction.annotation.ProxyTransactionManagementConfiguration' of type [org.springframework.transaction.annotation.ProxyTransactionManagementConfiguration$$EnhancerBySpringCGLIB$$a42344bf] is not eligible for getting processed by all BeanPostProcessors (for example: not eligible for auto-proxying)
2018-08-03 11:00:01.277 [restartedMain] INFO  o.s.boot.web.embedded.tomcat.TomcatWebServer - Tomcat initialized with port(s): 8080 (http)
2018-08-03 11:00:01.278 [restartedMain] INFO  org.apache.catalina.core.StandardService - Starting service [Tomcat]
2018-08-03 11:00:01.278 [restartedMain] INFO  org.apache.catalina.core.StandardEngine - Starting Servlet Engine: Apache Tomcat/8.5.32
2018-08-03 11:00:01.584 [localhost-startStop-1] INFO  o.a.c.core.ContainerBase.[Tomcat].[localhost].[/] - Initializing Spring embedded WebApplicationContext
2018-08-03 11:00:01.585 [localhost-startStop-1] INFO  org.springframework.web.context.ContextLoader - Root WebApplicationContext: initialization completed in 1019 ms
2018-08-03 11:00:01.597 [localhost-startStop-1] INFO  o.s.boot.web.servlet.ServletRegistrationBean - Servlet dispatcherServlet mapped to [/]
2018-08-03 11:00:01.598 [localhost-startStop-1] INFO  o.s.boot.web.servlet.FilterRegistrationBean - Mapping filter: 'characterEncodingFilter' to: [/*]
2018-08-03 11:00:01.598 [localhost-startStop-1] INFO  o.s.boot.web.servlet.FilterRegistrationBean - Mapping filter: 'hiddenHttpMethodFilter' to: [/*]
2018-08-03 11:00:01.598 [localhost-startStop-1] INFO  o.s.boot.web.servlet.FilterRegistrationBean - Mapping filter: 'httpPutFormContentFilter' to: [/*]
2018-08-03 11:00:01.598 [localhost-startStop-1] INFO  o.s.boot.web.servlet.FilterRegistrationBean - Mapping filter: 'requestContextFilter' to: [/*]
2018-08-03 11:00:01.650 [restartedMain] INFO  o.s.orm.jpa.LocalContainerEntityManagerFactoryBean - Building JPA container EntityManagerFactory for persistence unit 'default'
2018-08-03 11:00:01.650 [restartedMain] INFO  org.hibernate.jpa.internal.util.LogHelper - HHH000204: Processing PersistenceUnitInfo [
	name: default
	...]
2018-08-03 11:00:01.657 [restartedMain] INFO  com.alibaba.druid.pool.DruidDataSource - {dataSource-2} inited
2018-08-03 11:00:01.705 [restartedMain] INFO  org.hibernate.dialect.Dialect - HHH000400: Using dialect: org.hibernate.dialect.MySQL5Dialect
2018-08-03 11:00:01.797 [restartedMain] INFO  o.s.orm.jpa.LocalContainerEntityManagerFactoryBean - Initialized JPA EntityManagerFactory for persistence unit 'default'
2018-08-03 11:00:01.852 [restartedMain] INFO  o.s.web.servlet.handler.SimpleUrlHandlerMapping - Mapped URL path [/**/favicon.ico] onto handler of type [class org.springframework.web.servlet.resource.ResourceHttpRequestHandler]
2018-08-03 11:00:01.904 [restartedMain] INFO  o.s.w.s.m.m.a.RequestMappingHandlerAdapter - Looking for @ControllerAdvice: org.springframework.boot.web.servlet.context.AnnotationConfigServletWebServerApplicationContext@67db9a01: startup date [Fri Aug 03 11:00:00 CST 2018]; root of context hierarchy
2018-08-03 11:00:01.911 [restartedMain] WARN  o.s.b.a.o.j.JpaBaseConfiguration$JpaWebConfiguration$JpaWebMvcConfiguration - spring.jpa.open-in-view is enabled by default. Therefore, database queries may be performed during view rendering. Explicitly configure spring.jpa.open-in-view to disable this warning
2018-08-03 11:00:01.917 [restartedMain] INFO  o.s.w.s.m.m.a.RequestMappingHandlerMapping - Mapped "{[/user/index]}" onto public java.lang.String com.oo.interceptor.controller.LoginController.index(com.oo.interceptor.entity.UserEntity,javax.servlet.http.HttpServletRequest)
2018-08-03 11:00:01.917 [restartedMain] INFO  o.s.w.s.m.m.a.RequestMappingHandlerMapping - Mapped "{[/user/login]}" onto public java.lang.String com.oo.interceptor.controller.LoginController.login(com.oo.interceptor.entity.UserEntity,javax.servlet.http.HttpServletRequest,javax.servlet.http.HttpServletResponse) throws java.lang.Exception
2018-08-03 11:00:01.917 [restartedMain] INFO  o.s.w.s.m.m.a.RequestMappingHandlerMapping - Mapped "{[/user/login_view]}" onto public java.lang.String com.oo.interceptor.controller.LoginController.login_view(com.oo.interceptor.entity.UserEntity,javax.servlet.http.HttpServletRequest)
2018-08-03 11:00:01.919 [restartedMain] INFO  o.s.w.s.m.m.a.RequestMappingHandlerMapping - Mapped "{[/error]}" onto public org.springframework.http.ResponseEntity<java.util.Map<java.lang.String, java.lang.Object>> org.springframework.boot.autoconfigure.web.servlet.error.BasicErrorController.error(javax.servlet.http.HttpServletRequest)
2018-08-03 11:00:01.919 [restartedMain] INFO  o.s.w.s.m.m.a.RequestMappingHandlerMapping - Mapped "{[/error],produces=[text/html]}" onto public org.springframework.web.servlet.ModelAndView org.springframework.boot.autoconfigure.web.servlet.error.BasicErrorController.errorHtml(javax.servlet.http.HttpServletRequest,javax.servlet.http.HttpServletResponse)
2018-08-03 11:00:01.929 [restartedMain] INFO  o.s.web.servlet.handler.SimpleUrlHandlerMapping - Mapped URL path [/webjars/**] onto handler of type [class org.springframework.web.servlet.resource.ResourceHttpRequestHandler]
2018-08-03 11:00:01.929 [restartedMain] INFO  o.s.web.servlet.handler.SimpleUrlHandlerMapping - Mapped URL path [/**] onto handler of type [class org.springframework.web.servlet.resource.ResourceHttpRequestHandler]
2018-08-03 11:00:01.983 [restartedMain] INFO  o.s.b.d.autoconfigure.OptionalLiveReloadServer - LiveReload server is running on port 35729
2018-08-03 11:00:02.002 [restartedMain] INFO  o.s.jmx.export.annotation.AnnotationMBeanExporter - Registering beans for JMX exposure on startup
2018-08-03 11:00:02.003 [restartedMain] INFO  o.s.jmx.export.annotation.AnnotationMBeanExporter - Bean with name 'dataSource' has been autodetected for JMX exposure
2018-08-03 11:00:02.007 [restartedMain] INFO  o.s.jmx.export.annotation.AnnotationMBeanExporter - Located MBean 'dataSource': registering with JMX server as MBean [com.alibaba.druid.pool:name=dataSource,type=DruidDataSource]
2018-08-03 11:00:02.015 [restartedMain] INFO  o.s.boot.web.embedded.tomcat.TomcatWebServer - Tomcat started on port(s): 8080 (http) with context path ''
2018-08-03 11:00:02.016 [restartedMain] INFO  com.oo.interceptor.InterceptorApplication - Started InterceptorApplication in 1.617 seconds (JVM running for 533.375)
2018-08-03 11:00:02.018 [restartedMain] INFO  o.s.b.d.a.ConditionEvaluationDeltaLoggingListener - Condition evaluation unchanged
2018-08-03 11:04:23.139 [Thread-36] INFO  o.s.b.w.s.c.AnnotationConfigServletWebServerApplicationContext - Closing org.springframework.boot.web.servlet.context.AnnotationConfigServletWebServerApplicationContext@67db9a01: startup date [Fri Aug 03 11:00:00 CST 2018]; root of context hierarchy
2018-08-03 11:04:23.140 [Thread-36] INFO  o.s.jmx.export.annotation.AnnotationMBeanExporter - Unregistering JMX-exposed beans on shutdown
2018-08-03 11:04:23.141 [Thread-36] INFO  o.s.jmx.export.annotation.AnnotationMBeanExporter - Unregistering JMX-exposed beans
2018-08-03 11:04:23.141 [Thread-36] INFO  o.s.orm.jpa.LocalContainerEntityManagerFactoryBean - Closing JPA EntityManagerFactory for persistence unit 'default'
2018-08-03 11:04:23.142 [Thread-36] INFO  com.alibaba.druid.pool.DruidDataSource - {dataSource-2} closed
2018-08-03 11:04:23.670 [restartedMain] INFO  com.oo.interceptor.InterceptorApplication - Starting InterceptorApplication on ZHAOYUANYUAN-DS with PID 10224 (D:\java\IntellWS\springboot-interceptor\target\classes started by zhaoyuanyuan-ds in D:\java\IntellWS\springboot-interceptor)
2018-08-03 11:04:23.670 [restartedMain] INFO  com.oo.interceptor.InterceptorApplication - No active profile set, falling back to default profiles: default
2018-08-03 11:04:23.673 [restartedMain] INFO  o.s.b.w.s.c.AnnotationConfigServletWebServerApplicationContext - Refreshing org.springframework.boot.web.servlet.context.AnnotationConfigServletWebServerApplicationContext@7af8d66a: startup date [Fri Aug 03 11:04:23 CST 2018]; root of context hierarchy
2018-08-03 11:04:24.158 [restartedMain] INFO  o.s.c.s.PostProcessorRegistrationDelegate$BeanPostProcessorChecker - Bean 'org.springframework.transaction.annotation.ProxyTransactionManagementConfiguration' of type [org.springframework.transaction.annotation.ProxyTransactionManagementConfiguration$$EnhancerBySpringCGLIB$$a42344bf] is not eligible for getting processed by all BeanPostProcessors (for example: not eligible for auto-proxying)
2018-08-03 11:04:24.238 [restartedMain] INFO  o.s.boot.web.embedded.tomcat.TomcatWebServer - Tomcat initialized with port(s): 8080 (http)
2018-08-03 11:04:24.239 [restartedMain] INFO  org.apache.catalina.core.StandardService - Starting service [Tomcat]
2018-08-03 11:04:24.239 [restartedMain] INFO  org.apache.catalina.core.StandardEngine - Starting Servlet Engine: Apache Tomcat/8.5.32
2018-08-03 11:04:24.251 [localhost-startStop-1] INFO  o.a.c.core.ContainerBase.[Tomcat].[localhost].[/] - Initializing Spring embedded WebApplicationContext
2018-08-03 11:04:24.253 [localhost-startStop-1] INFO  org.springframework.web.context.ContextLoader - Root WebApplicationContext: initialization completed in 580 ms
2018-08-03 11:04:24.264 [localhost-startStop-1] INFO  o.s.boot.web.servlet.ServletRegistrationBean - Servlet dispatcherServlet mapped to [/]
2018-08-03 11:04:24.264 [localhost-startStop-1] INFO  o.s.boot.web.servlet.FilterRegistrationBean - Mapping filter: 'characterEncodingFilter' to: [/*]
2018-08-03 11:04:24.264 [localhost-startStop-1] INFO  o.s.boot.web.servlet.FilterRegistrationBean - Mapping filter: 'hiddenHttpMethodFilter' to: [/*]
2018-08-03 11:04:24.264 [localhost-startStop-1] INFO  o.s.boot.web.servlet.FilterRegistrationBean - Mapping filter: 'httpPutFormContentFilter' to: [/*]
2018-08-03 11:04:24.264 [localhost-startStop-1] INFO  o.s.boot.web.servlet.FilterRegistrationBean - Mapping filter: 'requestContextFilter' to: [/*]
2018-08-03 11:04:24.313 [restartedMain] INFO  o.s.orm.jpa.LocalContainerEntityManagerFactoryBean - Building JPA container EntityManagerFactory for persistence unit 'default'
2018-08-03 11:04:24.313 [restartedMain] INFO  org.hibernate.jpa.internal.util.LogHelper - HHH000204: Processing PersistenceUnitInfo [
	name: default
	...]
2018-08-03 11:04:24.319 [restartedMain] INFO  com.alibaba.druid.pool.DruidDataSource - {dataSource-3} inited
2018-08-03 11:04:24.343 [restartedMain] INFO  org.hibernate.dialect.Dialect - HHH000400: Using dialect: org.hibernate.dialect.MySQL5Dialect
2018-08-03 11:04:24.476 [restartedMain] INFO  o.s.orm.jpa.LocalContainerEntityManagerFactoryBean - Initialized JPA EntityManagerFactory for persistence unit 'default'
2018-08-03 11:04:24.545 [restartedMain] INFO  o.s.web.servlet.handler.SimpleUrlHandlerMapping - Mapped URL path [/**/favicon.ico] onto handler of type [class org.springframework.web.servlet.resource.ResourceHttpRequestHandler]
2018-08-03 11:04:24.594 [restartedMain] INFO  o.s.w.s.m.m.a.RequestMappingHandlerAdapter - Looking for @ControllerAdvice: org.springframework.boot.web.servlet.context.AnnotationConfigServletWebServerApplicationContext@7af8d66a: startup date [Fri Aug 03 11:04:23 CST 2018]; root of context hierarchy
2018-08-03 11:04:24.602 [restartedMain] WARN  o.s.b.a.o.j.JpaBaseConfiguration$JpaWebConfiguration$JpaWebMvcConfiguration - spring.jpa.open-in-view is enabled by default. Therefore, database queries may be performed during view rendering. Explicitly configure spring.jpa.open-in-view to disable this warning
2018-08-03 11:04:24.609 [restartedMain] INFO  o.s.w.s.m.m.a.RequestMappingHandlerMapping - Mapped "{[/error]}" onto public org.springframework.http.ResponseEntity<java.util.Map<java.lang.String, java.lang.Object>> org.springframework.boot.autoconfigure.web.servlet.error.BasicErrorController.error(javax.servlet.http.HttpServletRequest)
2018-08-03 11:04:24.609 [restartedMain] INFO  o.s.w.s.m.m.a.RequestMappingHandlerMapping - Mapped "{[/error],produces=[text/html]}" onto public org.springframework.web.servlet.ModelAndView org.springframework.boot.autoconfigure.web.servlet.error.BasicErrorController.errorHtml(javax.servlet.http.HttpServletRequest,javax.servlet.http.HttpServletResponse)
2018-08-03 11:04:24.618 [restartedMain] INFO  o.s.web.servlet.handler.SimpleUrlHandlerMapping - Mapped URL path [/webjars/**] onto handler of type [class org.springframework.web.servlet.resource.ResourceHttpRequestHandler]
2018-08-03 11:04:24.618 [restartedMain] INFO  o.s.web.servlet.handler.SimpleUrlHandlerMapping - Mapped URL path [/**] onto handler of type [class org.springframework.web.servlet.resource.ResourceHttpRequestHandler]
2018-08-03 11:04:24.673 [restartedMain] INFO  o.s.b.d.autoconfigure.OptionalLiveReloadServer - LiveReload server is running on port 35729
2018-08-03 11:04:24.691 [restartedMain] INFO  o.s.jmx.export.annotation.AnnotationMBeanExporter - Registering beans for JMX exposure on startup
2018-08-03 11:04:24.700 [restartedMain] INFO  o.s.jmx.export.annotation.AnnotationMBeanExporter - Bean with name 'dataSource' has been autodetected for JMX exposure
2018-08-03 11:04:24.704 [restartedMain] INFO  o.s.jmx.export.annotation.AnnotationMBeanExporter - Located MBean 'dataSource': registering with JMX server as MBean [com.alibaba.druid.pool:name=dataSource,type=DruidDataSource]
2018-08-03 11:04:24.717 [restartedMain] INFO  o.s.boot.web.embedded.tomcat.TomcatWebServer - Tomcat started on port(s): 8080 (http) with context path ''
2018-08-03 11:04:24.718 [restartedMain] INFO  com.oo.interceptor.InterceptorApplication - Started InterceptorApplication in 1.087 seconds (JVM running for 796.063)
2018-08-03 11:04:24.720 [restartedMain] INFO  o.s.b.d.a.ConditionEvaluationDeltaLoggingListener - Condition evaluation unchanged
2018-08-03 11:04:34.532 [Thread-44] INFO  o.s.b.w.s.c.AnnotationConfigServletWebServerApplicationContext - Closing org.springframework.boot.web.servlet.context.AnnotationConfigServletWebServerApplicationContext@7af8d66a: startup date [Fri Aug 03 11:04:23 CST 2018]; root of context hierarchy
2018-08-03 11:04:34.533 [Thread-44] INFO  o.s.jmx.export.annotation.AnnotationMBeanExporter - Unregistering JMX-exposed beans on shutdown
2018-08-03 11:04:34.533 [Thread-44] INFO  o.s.jmx.export.annotation.AnnotationMBeanExporter - Unregistering JMX-exposed beans
2018-08-03 11:04:34.534 [Thread-44] INFO  o.s.orm.jpa.LocalContainerEntityManagerFactoryBean - Closing JPA EntityManagerFactory for persistence unit 'default'
2018-08-03 11:04:34.535 [Thread-44] INFO  com.alibaba.druid.pool.DruidDataSource - {dataSource-3} closed
2018-08-03 11:04:34.824 [restartedMain] INFO  com.oo.interceptor.InterceptorApplication - Starting InterceptorApplication on ZHAOYUANYUAN-DS with PID 10224 (D:\java\IntellWS\springboot-interceptor\target\classes started by zhaoyuanyuan-ds in D:\java\IntellWS\springboot-interceptor)
2018-08-03 11:04:34.825 [restartedMain] INFO  com.oo.interceptor.InterceptorApplication - No active profile set, falling back to default profiles: default
2018-08-03 11:04:34.827 [restartedMain] INFO  o.s.b.w.s.c.AnnotationConfigServletWebServerApplicationContext - Refreshing org.springframework.boot.web.servlet.context.AnnotationConfigServletWebServerApplicationContext@77708bf3: startup date [Fri Aug 03 11:04:34 CST 2018]; root of context hierarchy
2018-08-03 11:04:35.185 [restartedMain] INFO  o.s.c.s.PostProcessorRegistrationDelegate$BeanPostProcessorChecker - Bean 'org.springframework.transaction.annotation.ProxyTransactionManagementConfiguration' of type [org.springframework.transaction.annotation.ProxyTransactionManagementConfiguration$$EnhancerBySpringCGLIB$$a42344bf] is not eligible for getting processed by all BeanPostProcessors (for example: not eligible for auto-proxying)
2018-08-03 11:04:35.258 [restartedMain] INFO  o.s.boot.web.embedded.tomcat.TomcatWebServer - Tomcat initialized with port(s): 8080 (http)
2018-08-03 11:04:35.258 [restartedMain] INFO  org.apache.catalina.core.StandardService - Starting service [Tomcat]
2018-08-03 11:04:35.259 [restartedMain] INFO  org.apache.catalina.core.StandardEngine - Starting Servlet Engine: Apache Tomcat/8.5.32
2018-08-03 11:04:35.271 [localhost-startStop-1] INFO  o.a.c.core.ContainerBase.[Tomcat].[localhost].[/] - Initializing Spring embedded WebApplicationContext
2018-08-03 11:04:35.272 [localhost-startStop-1] INFO  org.springframework.web.context.ContextLoader - Root WebApplicationContext: initialization completed in 445 ms
2018-08-03 11:04:35.283 [localhost-startStop-1] INFO  o.s.boot.web.servlet.ServletRegistrationBean - Servlet dispatcherServlet mapped to [/]
2018-08-03 11:04:35.283 [localhost-startStop-1] INFO  o.s.boot.web.servlet.FilterRegistrationBean - Mapping filter: 'characterEncodingFilter' to: [/*]
2018-08-03 11:04:35.283 [localhost-startStop-1] INFO  o.s.boot.web.servlet.FilterRegistrationBean - Mapping filter: 'hiddenHttpMethodFilter' to: [/*]
2018-08-03 11:04:35.283 [localhost-startStop-1] INFO  o.s.boot.web.servlet.FilterRegistrationBean - Mapping filter: 'httpPutFormContentFilter' to: [/*]
2018-08-03 11:04:35.283 [localhost-startStop-1] INFO  o.s.boot.web.servlet.FilterRegistrationBean - Mapping filter: 'requestContextFilter' to: [/*]
2018-08-03 11:04:35.333 [restartedMain] INFO  o.s.orm.jpa.LocalContainerEntityManagerFactoryBean - Building JPA container EntityManagerFactory for persistence unit 'default'
2018-08-03 11:04:35.333 [restartedMain] INFO  org.hibernate.jpa.internal.util.LogHelper - HHH000204: Processing PersistenceUnitInfo [
	name: default
	...]
2018-08-03 11:04:35.340 [restartedMain] INFO  com.alibaba.druid.pool.DruidDataSource - {dataSource-4} inited
2018-08-03 11:04:35.346 [restartedMain] INFO  org.hibernate.dialect.Dialect - HHH000400: Using dialect: org.hibernate.dialect.MySQL5Dialect
2018-08-03 11:04:35.373 [restartedMain] INFO  o.s.orm.jpa.LocalContainerEntityManagerFactoryBean - Initialized JPA EntityManagerFactory for persistence unit 'default'
2018-08-03 11:04:35.426 [restartedMain] INFO  o.s.web.servlet.handler.SimpleUrlHandlerMapping - Mapped URL path [/**/favicon.ico] onto handler of type [class org.springframework.web.servlet.resource.ResourceHttpRequestHandler]
2018-08-03 11:04:35.470 [restartedMain] INFO  o.s.w.s.m.m.a.RequestMappingHandlerAdapter - Looking for @ControllerAdvice: org.springframework.boot.web.servlet.context.AnnotationConfigServletWebServerApplicationContext@77708bf3: startup date [Fri Aug 03 11:04:34 CST 2018]; root of context hierarchy
2018-08-03 11:04:35.477 [restartedMain] WARN  o.s.b.a.o.j.JpaBaseConfiguration$JpaWebConfiguration$JpaWebMvcConfiguration - spring.jpa.open-in-view is enabled by default. Therefore, database queries may be performed during view rendering. Explicitly configure spring.jpa.open-in-view to disable this warning
2018-08-03 11:04:35.482 [restartedMain] INFO  o.s.w.s.m.m.a.RequestMappingHandlerMapping - Mapped "{[/user/index]}" onto public java.lang.String com.oo.interceptor.controller.LoginController.index(com.oo.interceptor.entity.UserEntity,javax.servlet.http.HttpServletRequest)
2018-08-03 11:04:35.482 [restartedMain] INFO  o.s.w.s.m.m.a.RequestMappingHandlerMapping - Mapped "{[/user/login]}" onto public java.lang.String com.oo.interceptor.controller.LoginController.login(com.oo.interceptor.entity.UserEntity,javax.servlet.http.HttpServletRequest,javax.servlet.http.HttpServletResponse) throws java.lang.Exception
2018-08-03 11:04:35.482 [restartedMain] INFO  o.s.w.s.m.m.a.RequestMappingHandlerMapping - Mapped "{[/user/login_view]}" onto public java.lang.String com.oo.interceptor.controller.LoginController.login_view(com.oo.interceptor.entity.UserEntity,javax.servlet.http.HttpServletRequest)
2018-08-03 11:04:35.486 [restartedMain] INFO  o.s.w.s.m.m.a.RequestMappingHandlerMapping - Mapped "{[/error]}" onto public org.springframework.http.ResponseEntity<java.util.Map<java.lang.String, java.lang.Object>> org.springframework.boot.autoconfigure.web.servlet.error.BasicErrorController.error(javax.servlet.http.HttpServletRequest)
2018-08-03 11:04:35.486 [restartedMain] INFO  o.s.w.s.m.m.a.RequestMappingHandlerMapping - Mapped "{[/error],produces=[text/html]}" onto public org.springframework.web.servlet.ModelAndView org.springframework.boot.autoconfigure.web.servlet.error.BasicErrorController.errorHtml(javax.servlet.http.HttpServletRequest,javax.servlet.http.HttpServletResponse)
2018-08-03 11:04:35.494 [restartedMain] INFO  o.s.web.servlet.handler.SimpleUrlHandlerMapping - Mapped URL path [/webjars/**] onto handler of type [class org.springframework.web.servlet.resource.ResourceHttpRequestHandler]
2018-08-03 11:04:35.494 [restartedMain] INFO  o.s.web.servlet.handler.SimpleUrlHandlerMapping - Mapped URL path [/**] onto handler of type [class org.springframework.web.servlet.resource.ResourceHttpRequestHandler]
2018-08-03 11:04:35.543 [restartedMain] INFO  o.s.b.d.autoconfigure.OptionalLiveReloadServer - LiveReload server is running on port 35729
2018-08-03 11:04:35.560 [restartedMain] INFO  o.s.jmx.export.annotation.AnnotationMBeanExporter - Registering beans for JMX exposure on startup
2018-08-03 11:04:35.561 [restartedMain] INFO  o.s.jmx.export.annotation.AnnotationMBeanExporter - Bean with name 'dataSource' has been autodetected for JMX exposure
2018-08-03 11:04:35.563 [restartedMain] INFO  o.s.jmx.export.annotation.AnnotationMBeanExporter - Located MBean 'dataSource': registering with JMX server as MBean [com.alibaba.druid.pool:name=dataSource,type=DruidDataSource]
2018-08-03 11:04:35.570 [restartedMain] INFO  o.s.boot.web.embedded.tomcat.TomcatWebServer - Tomcat started on port(s): 8080 (http) with context path ''
2018-08-03 11:04:35.571 [restartedMain] INFO  com.oo.interceptor.InterceptorApplication - Started InterceptorApplication in 0.773 seconds (JVM running for 806.916)
2018-08-03 11:04:35.573 [restartedMain] INFO  o.s.b.d.a.ConditionEvaluationDeltaLoggingListener - Condition evaluation unchanged
2018-08-03 11:04:48.840 [http-nio-8080-exec-1] INFO  o.a.c.core.ContainerBase.[Tomcat].[localhost].[/] - Initializing Spring FrameworkServlet 'dispatcherServlet'
2018-08-03 11:04:48.841 [http-nio-8080-exec-1] INFO  org.springframework.web.servlet.DispatcherServlet - FrameworkServlet 'dispatcherServlet': initialization started
2018-08-03 11:04:48.851 [http-nio-8080-exec-1] INFO  org.springframework.web.servlet.DispatcherServlet - FrameworkServlet 'dispatcherServlet': initialization completed in 10 ms
2018-08-03 11:04:48.855 [http-nio-8080-exec-1] INFO  com.oo.interceptor.controller.LoginController - index111111
2018-08-03 11:04:48.856 [http-nio-8080-exec-1] ERROR com.oo.interceptor.controller.LoginController - error111111
